<?xml version="1.0" encoding="UTF-8"?>
<!-- Generated by org.testng.reporters.JUnitXMLReporter -->
<testsuite ignored="3" hostname="DESKTOP-AIR39DC" failures="0" tests="1" name="Default test" time="51.526" errors="0" timestamp="2024-02-05T13:41:27 PST">
  <testcase classname="testCases.TC2_MenuFeatures" name="ResetAppVerification" time="32.386"/>
  <testcase classname="testCases.TC2_MenuFeatures" name="LoginVerification" time="0.0">
    <ignored/>
  </testcase> <!-- LoginVerification -->
  <testcase classname="testCases.TC2_MenuFeatures" name="AboutPageVerification" time="0.0">
    <ignored/>
  </testcase> <!-- AboutPageVerification -->
  <testcase classname="testCases.TC2_MenuFeatures" name="WebviewTest" time="0.0">
    <ignored/>
  </testcase> <!-- WebviewTest -->
</testsuite> <!-- Default test -->
