<?xml version="1.0" encoding="UTF-8"?>
<!-- Generated by org.testng.reporters.JUnitXMLReporter -->
<testsuite ignored="2" hostname="DESKTOP-AIR39DC" failures="0" tests="1" name="Default test" time="22.33" errors="0" timestamp="2024-01-10T13:02:45 PST">
  <testcase classname="testCases.TC1_MakePurchase" name="getText" time="3.418"/>
  <testcase classname="testCases.TC1_MakePurchase" name="SanityPurchase" time="0.0">
    <ignored/>
  </testcase> <!-- SanityPurchase -->
  <testcase classname="testCases.TC1_MakePurchase" name="SanityPurchaseNotLoggedIn" time="0.0">
    <ignored/>
  </testcase> <!-- SanityPurchaseNotLoggedIn -->
</testsuite> <!-- Default test -->
