<?xml version="1.0" encoding="UTF-8"?>
<!-- Generated by org.testng.reporters.JUnitXMLReporter -->
<testsuite ignored="0" hostname="DESKTOP-AIR39DC" failures="0" tests="6" name="Catalogue Tests" time="100.402" errors="0" timestamp="2024-02-05T14:06:52 PST">
  <testcase classname="testCases.TC3_CatalogueTests" name="AscendingNameSortVerification" time="18.116"/>
  <testcase classname="testCases.TC3_CatalogueTests" name="AscendingPriceSortVerification" time="15.222"/>
  <testcase classname="testCases.TC3_CatalogueTests" name="DescendingNameSortVerification" time="17.352"/>
  <testcase classname="testCases.TC3_CatalogueTests" name="DescendingPriceSortVerification" time="15.344"/>
  <testcase classname="testCases.TC3_CatalogueTests" name="FooterVerification" time="4.164"/>
  <testcase classname="testCases.TC3_CatalogueTests" name="ProductRatingVerification" time="11.313"/>
</testsuite> <!-- Catalogue Tests -->
