<?xml version="1.0" encoding="UTF-8"?>
<!-- Generated by org.testng.reporters.JUnitXMLReporter -->
<testsuite ignored="0" hostname="DESKTOP-AIR39DC" failures="0" tests="3" name="E2E Purchase Tests" time="202.255" errors="0" timestamp="2024-02-05T14:03:28 PST">
  <testcase classname="testCases.TC1_MakePurchase" name="SanityPurchase" time="61.619"/>
  <testcase classname="testCases.TC1_MakePurchase" name="SanityPurchaseNotLoggedIn" time="57.746"/>
  <testcase classname="testCases.TC1_MakePurchase" name="ReviewOrderVerification" time="55.079"/>
</testsuite> <!-- E2E Purchase Tests -->
