<?xml version="1.0" encoding="UTF-8"?>
<!-- Generated by org.testng.reporters.JUnitXMLReporter -->
<testsuite ignored="0" hostname="DESKTOP-AIR39DC" failures="0" tests="13" name="FullScopeTest" time="440.481" errors="0" timestamp="2024-02-05T13:51:55 PST">
  <testcase classname="testCases.TC1_MakePurchase" name="SanityPurchase" time="66.936"/>
  <testcase classname="testCases.TC1_MakePurchase" name="SanityPurchaseNotLoggedIn" time="63.527"/>
  <testcase classname="testCases.TC1_MakePurchase" name="ReviewOrderVerification" time="64.735"/>
  <testcase classname="testCases.TC2_MenuFeatures" name="AboutPageVerification" time="14.022"/>
  <testcase classname="testCases.TC2_MenuFeatures" name="LoginVerification" time="20.043"/>
  <testcase classname="testCases.TC2_MenuFeatures" name="ResetAppVerification" time="30.65"/>
  <testcase classname="testCases.TC2_MenuFeatures" name="WebviewTest" time="26.329"/>
  <testcase classname="testCases.TC3_CatalogueTests" name="AscendingNameSortVerification" time="18.016"/>
  <testcase classname="testCases.TC3_CatalogueTests" name="AscendingPriceSortVerification" time="19.226"/>
  <testcase classname="testCases.TC3_CatalogueTests" name="DescendingNameSortVerification" time="18.496"/>
  <testcase classname="testCases.TC3_CatalogueTests" name="DescendingPriceSortVerification" time="19.362"/>
  <testcase classname="testCases.TC3_CatalogueTests" name="FooterVerification" time="3.918"/>
  <testcase classname="testCases.TC3_CatalogueTests" name="ProductRatingVerification" time="10.775"/>
</testsuite> <!-- FullScopeTest -->
