<?xml version="1.0" encoding="UTF-8"?>
<!-- Generated by org.testng.reporters.JUnitXMLReporter -->
<testsuite ignored="2" hostname="DESKTOP-AIR39DC" failures="0" tests="2" name="Login Negative Tests" time="31.187" errors="0" timestamp="2024-04-11T14:46:11 PDT">
  <testcase classname="testCases.TC5_LoginTestsNegative" name="LoginWithUsernameNoPasswordVerification" time="5.539"/>
  <testcase classname="testCases.TC5_LoginTestsNegative" name="LoginWithPasswordNoUserNameVerification" time="6.418"/>
  <testcase classname="testCases.TC5_LoginTestsNegative" name="LoginInvalidUsernameAndPasswordVerification" time="0.0">
    <ignored/>
  </testcase> <!-- LoginInvalidUsernameAndPasswordVerification -->
  <testcase classname="testCases.TC5_LoginTestsNegative" name="LoginLockedAccountVerification" time="0.0">
    <ignored/>
  </testcase> <!-- LoginLockedAccountVerification -->
</testsuite> <!-- Login Negative Tests -->
