<?xml version="1.0" encoding="UTF-8"?>
<!-- Generated by org.testng.reporters.JUnitXMLReporter -->
<testsuite ignored="0" hostname="DESKTOP-AIR39DC" failures="0" tests="2" name="Login Positive Tests" time="34.345" errors="0" timestamp="2024-04-11T14:18:15 PDT">
  <testcase classname="testCases.TC4_LoginTestsPositive" name="LoginVerification" time="12.5"/>
  <testcase classname="testCases.TC4_LoginTestsPositive" name="LogoutVerification" time="10.793"/>
</testsuite> <!-- Login Positive Tests -->
