<?xml version="1.0" encoding="UTF-8"?>
<!-- Generated by org.testng.reporters.JUnitXMLReporter -->
<testsuite ignored="0" hostname="DESKTOP-AIR39DC" failures="0" tests="6" name="Login Negative Tests" time="75.672" errors="0" timestamp="2024-04-11T14:19:31 PDT">
  <testcase classname="testCases.TC5_LoginTestsNegative" name="LoginInvalidUsernameAndPasswordVerification" time="6.319"/>
  <testcase classname="testCases.TC5_LoginTestsNegative" name="LoginInvalidUsernameAndPasswordVerification" time="7.3"/>
  <testcase classname="testCases.TC5_LoginTestsNegative" name="LoginInvalidUsernameAndPasswordVerification" time="7.281"/>
  <testcase classname="testCases.TC5_LoginTestsNegative" name="LoginLockedAccountVerification" time="7.66"/>
  <testcase classname="testCases.TC5_LoginTestsNegative" name="LoginWithPasswordNoUserNameVerification" time="6.334"/>
  <testcase classname="testCases.TC5_LoginTestsNegative" name="LoginWithUsernameNoPasswordVerification" time="6.366"/>
</testsuite> <!-- Login Negative Tests -->
