<?xml version="1.0" encoding="UTF-8"?>
<!-- Generated by org.testng.reporters.JUnitXMLReporter -->
<testsuite ignored="0" hostname="DESKTOP-AIR39DC" failures="0" tests="4" name="Menu Features Tests" time="104.17" errors="0" timestamp="2024-02-05T14:05:12 PST">
  <testcase classname="testCases.TC2_MenuFeatures" name="AboutPageVerification" time="13.188"/>
  <testcase classname="testCases.TC2_MenuFeatures" name="LoginVerification" time="18.112"/>
  <testcase classname="testCases.TC2_MenuFeatures" name="ResetAppVerification" time="28.653"/>
  <testcase classname="testCases.TC2_MenuFeatures" name="WebviewTest" time="25.363"/>
</testsuite> <!-- Menu Features Tests -->
