<?xml version="1.0" encoding="UTF-8"?>
<!-- Generated by org.testng.reporters.JUnitXMLReporter -->
<testsuite ignored="2" hostname="DESKTOP-AIR39DC" failures="0" tests="1" name="SanityTest" time="77.652" errors="0" timestamp="2024-01-10T17:42:59 PST">
  <testcase classname="testCases.TC1_MakePurchase" name="SanityPurchase" time="59.499"/>
  <testcase classname="testCases.TC1_MakePurchase" name="getText" time="0.0">
    <ignored/>
  </testcase> <!-- getText -->
  <testcase classname="testCases.TC1_MakePurchase" name="SanityPurchaseNotLoggedIn" time="0.0">
    <ignored/>
  </testcase> <!-- SanityPurchaseNotLoggedIn -->
</testsuite> <!-- SanityTest -->
