<?xml version="1.0" encoding="UTF-8"?>
<!-- Generated by org.testng.reporters.JUnitXMLReporter -->
<testsuite ignored="0" hostname="DESKTOP-AIR39DC" failures="0" tests="6" name="Catalogue Tests" time="94.294" errors="0" timestamp="2024-02-05T21:50:28 PST">
  <testcase classname="testCases.TC3_CatalogueTests" name="AscendingNameSortVerification" time="17.573"/>
  <testcase classname="testCases.TC3_CatalogueTests" name="AscendingPriceSortVerification" time="15.598"/>
  <testcase classname="testCases.TC3_CatalogueTests" name="DescendingNameSortVerification" time="15.768"/>
  <testcase classname="testCases.TC3_CatalogueTests" name="DescendingPriceSortVerification" time="14.151"/>
  <testcase classname="testCases.TC3_CatalogueTests" name="FooterVerification" time="3.814"/>
  <testcase classname="testCases.TC3_CatalogueTests" name="ProductRatingVerification" time="10.164"/>
</testsuite> <!-- Catalogue Tests -->
