<?xml version="1.0" encoding="UTF-8"?>
<!-- Generated by org.testng.reporters.JUnitXMLReporter -->
<testsuite ignored="0" hostname="DESKTOP-AIR39DC" failures="0" tests="3" name="E2E Purchase Tests" time="207.206" errors="0" timestamp="2024-02-05T21:47:09 PST">
  <testcase classname="testCases.TC1_MakePurchase" name="SanityPurchase" time="58.514"/>
  <testcase classname="testCases.TC1_MakePurchase" name="SanityPurchaseNotLoggedIn" time="58.418"/>
  <testcase classname="testCases.TC1_MakePurchase" name="ReviewOrderVerification" time="60.754"/>
</testsuite> <!-- E2E Purchase Tests -->
