<?xml version="1.0" encoding="UTF-8"?>
<!-- Generated by org.testng.reporters.JUnitXMLReporter -->
<testsuite ignored="0" hostname="DESKTOP-AIR39DC" failures="0" tests="4" name="Menu Features Tests" time="105.113" errors="0" timestamp="2024-02-05T21:48:54 PST">
  <testcase classname="testCases.TC2_MenuFeatures" name="AboutPageVerification" time="13.258"/>
  <testcase classname="testCases.TC2_MenuFeatures" name="LoginVerification" time="18.391"/>
  <testcase classname="testCases.TC2_MenuFeatures" name="ResetAppVerification" time="29.659"/>
  <testcase classname="testCases.TC2_MenuFeatures" name="WebviewTest" time="26.182"/>
</testsuite> <!-- Menu Features Tests -->
