<?xml version="1.0" encoding="UTF-8"?>
<!-- Generated by org.testng.reporters.JUnitXMLReporter -->
<testsuite ignored="2" hostname="DESKTOP-AIR39DC" failures="0" tests="2" name="SanityTest" time="61.99" errors="0" timestamp="2024-02-05T21:41:28 PST">
  <testcase classname="testCases.TC2_MenuFeatures" name="AboutPageVerification" time="14.935"/>
  <testcase classname="testCases.TC2_MenuFeatures" name="WebviewTest" time="28.011"/>
  <testcase classname="testCases.TC2_MenuFeatures" name="ResetAppVerification" time="0.0">
    <ignored/>
  </testcase> <!-- ResetAppVerification -->
  <testcase classname="testCases.TC2_MenuFeatures" name="LoginVerification" time="0.0">
    <ignored/>
  </testcase> <!-- LoginVerification -->
</testsuite> <!-- SanityTest -->
