<?xml version="1.0" encoding="UTF-8"?>
<testng-results ignored="0" total="13" passed="13" failed="0" skipped="0">
  <reporter-output>
  </reporter-output>
  <suite started-at="2024-02-05T21:43:41 PST" name="Suite" finished-at="2024-02-05T21:50:28 PST" duration-ms="406887">
    <groups>
      <group name="hybrid">
        <method signature="TC2_MenuFeatures.AboutPageVerification()[pri:0, instance:testCases.TC2_MenuFeatures@5dafbe45]" name="AboutPageVerification" class="testCases.TC2_MenuFeatures"/>
        <method signature="TC2_MenuFeatures.WebviewTest()[pri:0, instance:testCases.TC2_MenuFeatures@5dafbe45]" name="WebviewTest" class="testCases.TC2_MenuFeatures"/>
      </group> <!-- hybrid -->
      <group name="sorting">
        <method signature="TC3_CatalogueTests.AscendingNameSortVerification()[pri:0, instance:testCases.TC3_CatalogueTests@1f9f6368]" name="AscendingNameSortVerification" class="testCases.TC3_CatalogueTests"/>
        <method signature="TC3_CatalogueTests.AscendingPriceSortVerification()[pri:0, instance:testCases.TC3_CatalogueTests@1f9f6368]" name="AscendingPriceSortVerification" class="testCases.TC3_CatalogueTests"/>
        <method signature="TC3_CatalogueTests.DescendingNameSortVerification()[pri:0, instance:testCases.TC3_CatalogueTests@1f9f6368]" name="DescendingNameSortVerification" class="testCases.TC3_CatalogueTests"/>
        <method signature="TC3_CatalogueTests.DescendingPriceSortVerification()[pri:0, instance:testCases.TC3_CatalogueTests@1f9f6368]" name="DescendingPriceSortVerification" class="testCases.TC3_CatalogueTests"/>
      </group> <!-- sorting -->
    </groups>
    <test started-at="2024-02-05T21:43:41 PST" name="E2E Purchase Tests" finished-at="2024-02-05T21:47:08 PST" duration-ms="207206">
      <class name="testCases.TC1_MakePurchase">
        <test-method is-config="true" signature="ConfigureAppium()[pri:0, instance:testCases.TC1_MakePurchase@6a8658ff]" started-at="2024-02-05T21:43:41 PST" name="ConfigureAppium" finished-at="2024-02-05T21:43:58 PST" duration-ms="16972" status="PASS">
          <reporter-output>
          </reporter-output>
        </test-method> <!-- ConfigureAppium -->
        <test-method is-config="true" signature="GoToHomePage()[pri:0, instance:testCases.TC1_MakePurchase@6a8658ff]" started-at="2024-02-05T21:43:58 PST" name="GoToHomePage" finished-at="2024-02-05T21:44:02 PST" duration-ms="3776" status="PASS">
          <reporter-output>
          </reporter-output>
        </test-method> <!-- GoToHomePage -->
        <test-method signature="SanityPurchase(java.util.HashMap)[pri:1, instance:testCases.TC1_MakePurchase@6a8658ff]" started-at="2024-02-05T21:44:02 PST" name="SanityPurchase" data-provider="getUserPurchaseInfo" finished-at="2024-02-05T21:45:01 PST" duration-ms="58514" status="PASS">
          <params>
            <param index="0">
              <value>
                <![CDATA[{country=United States, address2=999, city=San Diego, address1=123 Test Ave, zipcode=92131, password=10203040, productcolor=blue, fullname=Bob Fisher, state=California, cardnumber=1234 1234 1234 123, securitycode=345, username=bob@example.com, expdate=06/26}]]>
              </value>
            </param>
          </params>
          <reporter-output>
          </reporter-output>
        </test-method> <!-- SanityPurchase -->
        <test-method is-config="true" signature="GoToHomePage()[pri:0, instance:testCases.TC1_MakePurchase@6a8658ff]" started-at="2024-02-05T21:45:01 PST" name="GoToHomePage" finished-at="2024-02-05T21:45:03 PST" duration-ms="2701" status="PASS">
          <reporter-output>
          </reporter-output>
        </test-method> <!-- GoToHomePage -->
        <test-method signature="SanityPurchaseNotLoggedIn(java.util.HashMap)[pri:2, instance:testCases.TC1_MakePurchase@6a8658ff]" started-at="2024-02-05T21:45:03 PST" name="SanityPurchaseNotLoggedIn" data-provider="getUserPurchaseInfo" finished-at="2024-02-05T21:46:02 PST" duration-ms="58418" status="PASS">
          <params>
            <param index="0">
              <value>
                <![CDATA[{country=United States, address2=999, city=San Diego, address1=123 Test Ave, zipcode=92131, password=10203040, productcolor=blue, fullname=Bob Fisher, state=California, cardnumber=1234 1234 1234 123, securitycode=345, username=bob@example.com, expdate=06/26}]]>
              </value>
            </param>
          </params>
          <reporter-output>
          </reporter-output>
        </test-method> <!-- SanityPurchaseNotLoggedIn -->
        <test-method is-config="true" signature="GoToHomePage()[pri:0, instance:testCases.TC1_MakePurchase@6a8658ff]" started-at="2024-02-05T21:46:02 PST" name="GoToHomePage" finished-at="2024-02-05T21:46:04 PST" duration-ms="2526" status="PASS">
          <reporter-output>
          </reporter-output>
        </test-method> <!-- GoToHomePage -->
        <test-method signature="ReviewOrderVerification(java.util.HashMap)[pri:3, instance:testCases.TC1_MakePurchase@6a8658ff]" started-at="2024-02-05T21:46:04 PST" name="ReviewOrderVerification" data-provider="getUserPurchaseInfo" finished-at="2024-02-05T21:47:05 PST" duration-ms="60754" status="PASS">
          <params>
            <param index="0">
              <value>
                <![CDATA[{country=United States, address2=999, city=San Diego, address1=123 Test Ave, zipcode=92131, password=10203040, productcolor=blue, fullname=Bob Fisher, state=California, cardnumber=1234 1234 1234 123, securitycode=345, username=bob@example.com, expdate=06/26}]]>
              </value>
            </param>
          </params>
          <reporter-output>
          </reporter-output>
        </test-method> <!-- ReviewOrderVerification -->
        <test-method is-config="true" signature="tearDown()[pri:0, instance:testCases.TC1_MakePurchase@6a8658ff]" started-at="2024-02-05T21:47:05 PST" name="tearDown" finished-at="2024-02-05T21:47:08 PST" duration-ms="3314" status="PASS">
          <reporter-output>
          </reporter-output>
        </test-method> <!-- tearDown -->
      </class> <!-- testCases.TC1_MakePurchase -->
    </test> <!-- E2E Purchase Tests -->
    <test started-at="2024-02-05T21:47:09 PST" name="Menu Features Tests" finished-at="2024-02-05T21:48:54 PST" duration-ms="105113">
      <class name="testCases.TC2_MenuFeatures">
        <test-method is-config="true" signature="ConfigureAppium()[pri:0, instance:testCases.TC2_MenuFeatures@5dafbe45]" started-at="2024-02-05T21:47:09 PST" name="ConfigureAppium" finished-at="2024-02-05T21:47:23 PST" duration-ms="14253" status="PASS">
          <reporter-output>
          </reporter-output>
        </test-method> <!-- ConfigureAppium -->
        <test-method signature="AboutPageVerification()[pri:0, instance:testCases.TC2_MenuFeatures@5dafbe45]" started-at="2024-02-05T21:47:23 PST" name="AboutPageVerification" finished-at="2024-02-05T21:47:36 PST" duration-ms="13258" status="PASS">
          <reporter-output>
          </reporter-output>
        </test-method> <!-- AboutPageVerification -->
        <test-method signature="LoginVerification(java.util.HashMap)[pri:0, instance:testCases.TC2_MenuFeatures@5dafbe45]" started-at="2024-02-05T21:47:36 PST" name="LoginVerification" data-provider="getUserPurchaseInfo" finished-at="2024-02-05T21:47:54 PST" duration-ms="18391" status="PASS">
          <params>
            <param index="0">
              <value>
                <![CDATA[{country=United States, address2=999, city=San Diego, address1=123 Test Ave, zipcode=92131, password=10203040, productcolor=blue, fullname=Bob Fisher, state=California, cardnumber=1234 1234 1234 123, securitycode=345, username=bob@example.com, expdate=06/26}]]>
              </value>
            </param>
          </params>
          <reporter-output>
          </reporter-output>
        </test-method> <!-- LoginVerification -->
        <test-method signature="ResetAppVerification()[pri:0, instance:testCases.TC2_MenuFeatures@5dafbe45]" started-at="2024-02-05T21:47:54 PST" name="ResetAppVerification" finished-at="2024-02-05T21:48:24 PST" duration-ms="29659" status="PASS">
          <reporter-output>
          </reporter-output>
        </test-method> <!-- ResetAppVerification -->
        <test-method signature="WebviewTest()[pri:0, instance:testCases.TC2_MenuFeatures@5dafbe45]" started-at="2024-02-05T21:48:24 PST" name="WebviewTest" finished-at="2024-02-05T21:48:50 PST" duration-ms="26182" status="PASS">
          <reporter-output>
          </reporter-output>
        </test-method> <!-- WebviewTest -->
        <test-method is-config="true" signature="tearDown()[pri:0, instance:testCases.TC2_MenuFeatures@5dafbe45]" started-at="2024-02-05T21:48:50 PST" name="tearDown" finished-at="2024-02-05T21:48:54 PST" duration-ms="3361" status="PASS">
          <reporter-output>
          </reporter-output>
        </test-method> <!-- tearDown -->
      </class> <!-- testCases.TC2_MenuFeatures -->
    </test> <!-- Menu Features Tests -->
    <test started-at="2024-02-05T21:48:54 PST" name="Catalogue Tests" finished-at="2024-02-05T21:50:28 PST" duration-ms="94294">
      <class name="testCases.TC3_CatalogueTests">
        <test-method is-config="true" signature="ConfigureAppium()[pri:0, instance:testCases.TC3_CatalogueTests@1f9f6368]" started-at="2024-02-05T21:48:54 PST" name="ConfigureAppium" finished-at="2024-02-05T21:49:08 PST" duration-ms="13917" status="PASS">
          <reporter-output>
          </reporter-output>
        </test-method> <!-- ConfigureAppium -->
        <test-method signature="AscendingNameSortVerification()[pri:0, instance:testCases.TC3_CatalogueTests@1f9f6368]" started-at="2024-02-05T21:49:08 PST" name="AscendingNameSortVerification" finished-at="2024-02-05T21:49:25 PST" duration-ms="17573" status="PASS">
          <reporter-output>
          </reporter-output>
        </test-method> <!-- AscendingNameSortVerification -->
        <test-method signature="AscendingPriceSortVerification()[pri:0, instance:testCases.TC3_CatalogueTests@1f9f6368]" started-at="2024-02-05T21:49:25 PST" name="AscendingPriceSortVerification" finished-at="2024-02-05T21:49:41 PST" duration-ms="15598" status="PASS">
          <reporter-output>
          </reporter-output>
        </test-method> <!-- AscendingPriceSortVerification -->
        <test-method signature="DescendingNameSortVerification()[pri:0, instance:testCases.TC3_CatalogueTests@1f9f6368]" started-at="2024-02-05T21:49:41 PST" name="DescendingNameSortVerification" finished-at="2024-02-05T21:49:57 PST" duration-ms="15768" status="PASS">
          <reporter-output>
          </reporter-output>
        </test-method> <!-- DescendingNameSortVerification -->
        <test-method signature="DescendingPriceSortVerification()[pri:0, instance:testCases.TC3_CatalogueTests@1f9f6368]" started-at="2024-02-05T21:49:57 PST" name="DescendingPriceSortVerification" finished-at="2024-02-05T21:50:11 PST" duration-ms="14151" status="PASS">
          <reporter-output>
          </reporter-output>
        </test-method> <!-- DescendingPriceSortVerification -->
        <test-method signature="FooterVerification()[pri:0, instance:testCases.TC3_CatalogueTests@1f9f6368]" started-at="2024-02-05T21:50:11 PST" name="FooterVerification" finished-at="2024-02-05T21:50:15 PST" duration-ms="3814" status="PASS">
          <reporter-output>
          </reporter-output>
        </test-method> <!-- FooterVerification -->
        <test-method signature="ProductRatingVerification()[pri:0, instance:testCases.TC3_CatalogueTests@1f9f6368]" started-at="2024-02-05T21:50:15 PST" name="ProductRatingVerification" finished-at="2024-02-05T21:50:25 PST" duration-ms="10164" status="PASS">
          <reporter-output>
          </reporter-output>
        </test-method> <!-- ProductRatingVerification -->
        <test-method is-config="true" signature="tearDown()[pri:0, instance:testCases.TC3_CatalogueTests@1f9f6368]" started-at="2024-02-05T21:50:25 PST" name="tearDown" finished-at="2024-02-05T21:50:28 PST" duration-ms="3305" status="PASS">
          <reporter-output>
          </reporter-output>
        </test-method> <!-- tearDown -->
      </class> <!-- testCases.TC3_CatalogueTests -->
    </test> <!-- Catalogue Tests -->
  </suite> <!-- Suite -->
</testng-results>
