<?xml version="1.0" encoding="UTF-8"?>
<testng-results ignored="0" total="1" passed="1" failed="0" skipped="0">
  <reporter-output>
  </reporter-output>
  <suite started-at="2024-01-09T14:44:43 PST" name="Default suite" finished-at="2024-01-09T14:45:50 PST" duration-ms="67151">
    <groups>
    </groups>
    <test started-at="2024-01-09T14:44:43 PST" name="Default test" finished-at="2024-01-09T14:45:50 PST" duration-ms="67151">
      <class name="testCases.TC1_MakePurchase">
        <test-method is-config="true" signature="ConfigureAppium()[pri:0, instance:testCases.TC1_MakePurchase@273444fe]" started-at="2024-01-09T14:44:43 PST" name="ConfigureAppium" finished-at="2024-01-09T14:44:51 PST" duration-ms="7974" status="PASS">
          <reporter-output>
          </reporter-output>
        </test-method> <!-- ConfigureAppium -->
        <test-method signature="SanityPurchaseNotLoggedIn(java.util.HashMap)[pri:0, instance:testCases.TC1_MakePurchase@273444fe]" started-at="2024-01-09T14:44:52 PST" name="SanityPurchaseNotLoggedIn" data-provider="getUserPurchaseInfo" finished-at="2024-01-09T14:45:47 PST" duration-ms="55601" status="PASS">
          <params>
            <param index="0">
              <value>
                <![CDATA[{country=United States, address2=999, city=San Diego, address1=123 Test Ave, zipcode=92131, password=10203040, fullname=Bob Fisher, state=California, cardnumber=1234 1234 1234 123, securitycode=345, username=bob@example.com, expdate=0626}]]>
              </value>
            </param>
          </params>
          <reporter-output>
          </reporter-output>
        </test-method> <!-- SanityPurchaseNotLoggedIn -->
        <test-method is-config="true" signature="tearDown()[pri:0, instance:testCases.TC1_MakePurchase@273444fe]" started-at="2024-01-09T14:45:47 PST" name="tearDown" finished-at="2024-01-09T14:45:50 PST" duration-ms="3337" status="PASS">
          <reporter-output>
          </reporter-output>
        </test-method> <!-- tearDown -->
      </class> <!-- testCases.TC1_MakePurchase -->
    </test> <!-- Default test -->
  </suite> <!-- Default suite -->
</testng-results>
